mode: set
Calculator/controllers/calculatorController.go:12.64,14.18 2 0
Calculator/controllers/calculatorController.go:14.18,17.3 2 0
Calculator/controllers/calculatorController.go:19.2,19.33 1 0
Calculator/controllers/calculatorController.go:19.33,22.3 2 0
Calculator/controllers/calculatorController.go:24.2,25.18 2 0
Calculator/controllers/calculatorController.go:25.18,28.3 2 0
Calculator/controllers/calculatorController.go:30.2,33.16 3 0
Calculator/controllers/calculatorController.go:33.16,36.3 2 0
Calculator/controllers/calculatorController.go:38.2,40.20 3 0
Calculator/controllers/calculatorController.go:43.67,46.16 3 0
Calculator/controllers/calculatorController.go:46.16,48.3 1 0
Calculator/controllers/calculatorController.go:50.2,50.15 1 0
Calculator/controllers/calculatorController.go:53.43,54.35 1 1
Calculator/controllers/calculatorController.go:54.35,55.45 1 1
Calculator/controllers/calculatorController.go:55.45,57.4 1 1
Calculator/controllers/calculatorController.go:60.2,60.13 1 1
Calculator/calculator/calculator.go:11.51,12.41 1 1
Calculator/calculator/calculator.go:12.41,20.3 4 1
Calculator/calculator/calculator.go:22.2,23.16 2 1
Calculator/calculator/calculator.go:23.16,25.3 1 1
Calculator/calculator/calculator.go:27.2,28.16 2 1
Calculator/calculator/calculator.go:28.16,30.3 1 0
Calculator/calculator/calculator.go:32.2,34.28 2 1
Calculator/calculator/calculator.go:35.11,36.26 1 1
Calculator/calculator/calculator.go:37.15,47.5 1 1
Calculator/calculator/calculator.go:48.10,49.17 1 0
Calculator/calculator/calculator.go:52.2,52.19 1 1
Calculator/calculator/calculator.go:55.41,58.2 2 1
Calculator/calculator/calculator.go:60.45,61.11 1 1
Calculator/calculator/calculator.go:61.11,63.3 1 1
Calculator/calculator/calculator.go:65.2,66.21 2 1
Calculator/calculator/calculator.go:66.21,68.3 1 1
Calculator/calculator/calculator.go:69.2,69.26 1 1
Calculator/main.go:13.62,15.2 1 0
Calculator/main.go:17.13,32.2 7 0
